Arguments: 
  C:\Program Files\nodejs\node.exe C:\Program Files (x86)\Yarn\bin\yarn.js init

PATH: 
  C:\Program Files\Git\mingw64\bin;C:\Program Files\Git\usr\bin;C:\Users\nabe8\bin;C:\Program Files (x86)\Common Files\Oracle\Java\javapath;C:\Python38\Scripts;C:\Python38;C:\Users\nabe8\AppData\Roaming\npm;C:\nodejs;C:\Program Files\nodejs;C:\ProgramData\chocolatey\bin;C:\Program Files\Microsoft SQL Server\Client SDK\ODBC\170\Tools\Binn;C:\Program Files (x86)\Microsoft SQL Server\150\Tools\Binn;C:\Program Files\Microsoft SQL Server\150\Tools\Binn;C:\Program Files\Microsoft SQL Server\150\DTS\Binn;C:\Program Files (x86)\Microsoft SQL Server\150\DTS\Binn;C:\Program Files\PuTTY;C:\Program Files (x86)\Yarn\bin;C:\Program Files\PowerShell\7-preview\preview;C:\Windows\System32\WindowsPowerShell\v1.0;C:\WINDOWS\system32;C:\WINDOWS;C:\WINDOWS\System32\Wbem;C:\WINDOWS\System32\WindowsPowerShell\v1.0;C:\WINDOWS\System32\OpenSSH;C:\Program Files\OpenJDK\openjdk-8u272-b10\bin;C:\Program Files\OpenJDK\openjdk-8u272-b10bin;C:\Program Files\Java\jdk1.8.0_271\bin;C:\Users\nabe8\AppData\Local\Programs\Microsoft VS Code\bin;C:\Users\nabe8\AppData\Roaming\npm;C:\Users\nabe8\AppData\Local\Yarn\bin;C:\Python38;C:\Python38\Scripts;C:\Windows\System32;C:\ProgramData\chocolatey\lib\mingw\tools\install\mingw64\bin;C:\Users\nabe8\AppData\Local\Microsoft\WindowsApps;C:\Program Files (x86)\GitHub CLI;C:\Users\nabe8\AppData\Local\JetBrains\IntelliJ IDEA Community Edition 2020.2.3\bin

Yarn version: 
  1.22.4

Node version: 
  12.18.0

Platform: 
  win32 x64

Trace: 
  Error: canceled
      at Interface.<anonymous> (C:\Program Files (x86)\Yarn\lib\cli.js:137008:13)
      at Interface.emit (events.js:315:20)
      at Interface._ttyWrite (readline.js:866:16)
      at ReadStream.onkeypress (readline.js:205:10)
      at ReadStream.emit (events.js:315:20)
      at emitKeys (internal/readline/utils.js:335:14)
      at emitKeys.next (<anonymous>)
      at ReadStream.onData (readline.js:1133:36)
      at ReadStream.emit (events.js:315:20)
      at addChunk (_stream_readable.js:295:12)

npm manifest: 
  No manifest

yarn manifest: 
  No manifest

Lockfile: 
  No lockfile
