Arguments: 
  C:\Program Files\nodejs\node.exe C:\Program Files (x86)\Yarn\bin\yarn.js init

PATH: 
  C:\Program Files\Git\mingw64\bin;C:\Program Files\Git\usr\bin;C:\Users\choieungi\bin;C:\Python39\Scripts;C:\Python39;C:\Python38\Scripts;C:\Python38;C:\Program Files (x86)\Common Files\Oracle\Java\javapath;C:\Windows\system32;C:\Windows;C:\Windows\System32\Wbem;C:\Windows\System32\WindowsPowerShell\v1.0;C:\Windows\System32\OpenSSH;C:\Program Files\Git\cmd;C:\Program Files (x86)\Yarn\bin;C:\ProgramData\chocolatey\bin;C:\Program Files (x86)\NVIDIA Corporation\PhysX\Common;C:\apache-tomcat-9.0.37\bin;C:\Program Files\Apache Software Foundation\Tomcat 9.0;C:\Program Files\MariaDB 10.5\bin;C:\ProgramData\chocolatey\bin;C:\Program Files\OpenJDK\openjdk-8u272-b10\bin;C:\Program Files\OpenJDK\openjdk-8u272-b10bin;C:\Users\choieungi\AppData\Local\Android\Sdkplatform-tools;C:\Users\choieungi\AppData\Local\Android\Sdk\platform-tools;C:\Program Files\nodejs;C:\Users\choieungi\AppData\Local\Microsoft\WindowsApps;C:\Program Files\Bandizip;C:\Users\choieungi\AppData\Local\Programs\Microsoft VS Code\bin;C:\Users\choieungi\AppData\Local\Yarn\bin;C:\Program Files\Oracle\VirtualBox;C:\ProgramData\chocolatey\lib\mingw\tools\install\mingw64\bin;C:\Program Files\JetBrains\IntelliJ IDEA Community Edition 2020.2.3\bin;C:\Users\choieungi\AppData\Local\Android\Sdk\platform-tools;C:\Users\choieungi\AppData\Local\Android\Sdkplatform-tools;C:\Users\choieungi\AppData\Roaming\npm;C:\Program Files\JetBrains\WebStorm 2020.3\bin

Yarn version: 
  1.22.4

Node version: 
  14.15.0

Platform: 
  win32 x64

Trace: 
  Error: canceled
      at Interface.<anonymous> (C:\Program Files (x86)\Yarn\lib\cli.js:137008:13)
      at Interface.emit (events.js:315:20)
      at Interface._ttyWrite (readline.js:875:16)
      at ReadStream.onkeypress (readline.js:213:10)
      at ReadStream.emit (events.js:315:20)
      at emitKeys (internal/readline/utils.js:345:14)
      at emitKeys.next (<anonymous>)
      at ReadStream.onData (readline.js:1144:36)
      at ReadStream.emit (events.js:315:20)
      at addChunk (_stream_readable.js:309:12)

npm manifest: 
  No manifest

yarn manifest: 
  No manifest

Lockfile: 
  No lockfile
